Port monitor named: Port1_h1[4].prt

nx        = 41
ny        = 43
nz        = 16

nu        = 5
nv        = 5
iu        = 19
iv        = 20

idir      = 2
dcut      = -3.000000e-003
icut      = 6
type      = 1
frequency = 4.000000e+009

fcutoff   = 0.000000e+000
alpha     = 0.000000e+000
beta      = 1.225246e+002
accuracy  = 1.513632e-014

type          = TEM
wave imp.     = 2.639306e+002
wave imp.sig. = 3.573694e+000
line imp.     = 3.177752e+001

ref. port     = 0

0.000000e+000  0.000000e+000  2.729187e+001  0.000000e+000  0.000000e+000  
0.000000e+000  1.687339e+001  0.000000e+000  1.687441e+001  0.000000e+000  
0.000000e+000  -1.687426e+001  0.000000e+000  -1.687528e+001  0.000000e+000  
0.000000e+000  0.000000e+000  -2.729420e+001  0.000000e+000  0.000000e+000  
0.000000e+000  0.000000e+000  0.000000e+000  0.000000e+000  0.000000e+000  

0.000000e+000  0.000000e+000  0.000000e+000  0.000000e+000  0.000000e+000  
0.000000e+000  -1.687339e+001  1.687426e+001  0.000000e+000  0.000000e+000  
-2.729187e+001  0.000000e+000  0.000000e+000  2.729420e+001  0.000000e+000  
0.000000e+000  -1.687441e+001  1.687528e+001  0.000000e+000  0.000000e+000  
0.000000e+000  0.000000e+000  0.000000e+000  0.000000e+000  0.000000e+000  

0.000000e+000  0.000000e+000  0.000000e+000  0.000000e+000  0.000000e+000  
0.000000e+000  0.000000e+000  0.000000e+000  0.000000e+000  0.000000e+000  
0.000000e+000  0.000000e+000  0.000000e+000  0.000000e+000  0.000000e+000  
0.000000e+000  0.000000e+000  0.000000e+000  0.000000e+000  0.000000e+000  
0.000000e+000  0.000000e+000  0.000000e+000  0.000000e+000  0.000000e+000  

0.000000e+000  0.000000e+000  0.000000e+000  0.000000e+000  0.000000e+000  
0.000000e+000  0.000000e+000  0.000000e+000  0.000000e+000  0.000000e+000  
0.000000e+000  0.000000e+000  0.000000e+000  0.000000e+000  0.000000e+000  
0.000000e+000  0.000000e+000  0.000000e+000  0.000000e+000  0.000000e+000  
0.000000e+000  0.000000e+000  0.000000e+000  0.000000e+000  0.000000e+000  

0.000000e+000  0.000000e+000  0.000000e+000  0.000000e+000  0.000000e+000  
0.000000e+000  0.000000e+000  0.000000e+000  0.000000e+000  0.000000e+000  
0.000000e+000  0.000000e+000  0.000000e+000  0.000000e+000  0.000000e+000  
0.000000e+000  0.000000e+000  0.000000e+000  0.000000e+000  0.000000e+000  
0.000000e+000  0.000000e+000  0.000000e+000  0.000000e+000  0.000000e+000  

0.000000e+000  0.000000e+000  0.000000e+000  0.000000e+000  0.000000e+000  
0.000000e+000  4.504838e-006  8.060336e-003  0.000000e+000  0.000000e+000  
0.000000e+000  -8.051325e-003  4.507995e-006  0.000000e+000  0.000000e+000  
0.000000e+000  0.000000e+000  0.000000e+000  0.000000e+000  0.000000e+000  
0.000000e+000  0.000000e+000  0.000000e+000  0.000000e+000  0.000000e+000  

