Port monitor named: Port1_e1[4].prt

nx        = 41
ny        = 43
nz        = 16

nu        = 5
nv        = 5
iu        = 19
iv        = 20

idir      = 2
dcut      = -3.000000e-003
icut      = 6
type      = 0
frequency = 4.000000e+009

fcutoff   = 0.000000e+000
alpha     = 0.000000e+000
beta      = 1.225246e+002
accuracy  = 1.513632e-014

type          = TEM
wave imp.     = 2.639306e+002
wave imp.sig. = 3.573694e+000
line imp.     = 3.177752e+001

ref. port     = 0

0.000000e+000  0.000000e+000  0.000000e+000  0.000000e+000  0.000000e+000  
0.000000e+000  -4.456353e+003  4.479717e+003  0.000000e+000  0.000000e+000  
-7.034927e+003  0.000000e+000  0.000000e+000  7.035529e+003  0.000000e+000  
0.000000e+000  -4.479754e+003  4.502822e+003  0.000000e+000  0.000000e+000  
0.000000e+000  0.000000e+000  0.000000e+000  0.000000e+000  0.000000e+000  

0.000000e+000  0.000000e+000  -7.034928e+003  0.000000e+000  0.000000e+000  
0.000000e+000  -4.456353e+003  0.000000e+000  -4.479755e+003  0.000000e+000  
0.000000e+000  4.479716e+003  0.000000e+000  4.502822e+003  0.000000e+000  
0.000000e+000  0.000000e+000  7.035528e+003  0.000000e+000  0.000000e+000  
0.000000e+000  0.000000e+000  0.000000e+000  0.000000e+000  0.000000e+000  

0.000000e+000  0.000000e+000  0.000000e+000  0.000000e+000  0.000000e+000  
0.000000e+000  0.000000e+000  0.000000e+000  0.000000e+000  0.000000e+000  
0.000000e+000  0.000000e+000  0.000000e+000  0.000000e+000  0.000000e+000  
0.000000e+000  0.000000e+000  0.000000e+000  0.000000e+000  0.000000e+000  
0.000000e+000  0.000000e+000  0.000000e+000  0.000000e+000  0.000000e+000  

0.000000e+000  0.000000e+000  0.000000e+000  0.000000e+000  0.000000e+000  
0.000000e+000  0.000000e+000  0.000000e+000  0.000000e+000  0.000000e+000  
0.000000e+000  0.000000e+000  0.000000e+000  0.000000e+000  0.000000e+000  
0.000000e+000  0.000000e+000  0.000000e+000  0.000000e+000  0.000000e+000  
0.000000e+000  0.000000e+000  0.000000e+000  0.000000e+000  0.000000e+000  

0.000000e+000  0.000000e+000  0.000000e+000  0.000000e+000  0.000000e+000  
0.000000e+000  0.000000e+000  0.000000e+000  0.000000e+000  0.000000e+000  
0.000000e+000  0.000000e+000  0.000000e+000  0.000000e+000  0.000000e+000  
0.000000e+000  0.000000e+000  0.000000e+000  0.000000e+000  0.000000e+000  
0.000000e+000  0.000000e+000  0.000000e+000  0.000000e+000  0.000000e+000  

0.000000e+000  0.000000e+000  0.000000e+000  0.000000e+000  0.000000e+000  
0.000000e+000  -9.173612e+000  0.000000e+000  -1.115816e+001  0.000000e+000  
0.000000e+000  0.000000e+000  0.000000e+000  0.000000e+000  0.000000e+000  
0.000000e+000  -1.115816e+001  0.000000e+000  -1.311740e+001  0.000000e+000  
0.000000e+000  0.000000e+000  0.000000e+000  0.000000e+000  0.000000e+000  

